<?xml version="1.0" encoding="UTF-8" ?>
<testsuite errors="0" failures="0" hostname="DESKTOP-7F46L7S" name="lfoc4aula01.Exercicioi1p1Test" skipped="0" tests="1" time="0.322" timestamp="2023-09-03T01:52:07">
  <properties>
[...]
</properties>
  <testcase classname="lfoc4aula01.Exercicioi1p1Test" name="testGerarStringsK" time="0.032" />
  <system-out><![CDATA[gerarStringsK:

        k = 0
 Esperado = { "" }
Resultado = { "" }

        k = 1
        Σ = { 'w' }
 Esperado = { "w" }
Resultado = { "w" }

        k = 2
        Σ = { '0', '1' }
 Esperado = { "00", "01", "10", "11" }
Resultado = { "00", "01", "10", "11" }

        k = 3
        Σ = { 'a', 'b', 'c' }
 Esperado = { "aaa", "aab", "aac", "aba", "abb", "abc", "aca", "acb", "acc", "baa", "bab", "bac", "bba", "bbb", "bbc", "bca", "bcb", "bcc", "caa", "cab", "cac", "cba", "cbb", "cbc", "cca", "ccb", "ccc" }
Resultado = { "aaa", "aab", "aac", "aba", "abb", "abc", "aca", "acb", "acc", "baa", "bab", "bac", "bba", "bbb", "bbc", "bca", "bcb", "bcc", "caa", "cab", "cac", "cba", "cbb", "cbc", "cca", "ccb", "ccc" }

]]></system-out>
  <system-err><![CDATA[]]></system-err>
</testsuite>
